<?xml version="1.0" encoding="UTF-8"?>
<testsuite errors="0" failures="0" name="lxcaSetupTest-20180206123816" skipped="0" tests="10" time="109.726">
	<testcase classname="lxcaSetupTest" name="test_001_Accepting_License_Agreement" time="8.905"/>
	<testcase classname="lxcaSetupTest" name="test_002_Create_User_Accounts" time="9.077"/>
	<testcase classname="lxcaSetupTest" name="test_003_Configure_network_settings" time="15.600"/>
	<testcase classname="lxcaSetupTest" name="test_004_Configure_NTP_settings" time="11.076"/>
	<testcase classname="lxcaSetupTest" name="test_005_Particapate" time="21.263"/>
	<testcase classname="lxcaSetupTest" name="test_006_Callhome" time="12.199"/>
	<testcase classname="lxcaSetupTest" name="test_007_Lenovo_Upload_Facility" time="12.152"/>
	<testcase classname="lxcaSetupTest" name="test_008_warrenty" time="14.212"/>
	<testcase classname="lxcaSetupTest" name="test_009_setup_Service_and_Support" time="0.109"/>
	<testcase classname="lxcaSetupTest" name="test_010_Finish" time="5.132"/>
	<system-out>
<![CDATA[]]>	</system-out>
	<system-err>
<![CDATA[]]>	</system-err>
</testsuite>
