<?xml version="1.0" encoding="UTF-8"?>
<testsuite errors="0" failures="0" name="lxcaSetupTest-20180207071705" skipped="0" tests="10" time="106.982">
	<testcase classname="lxcaSetupTest" name="test_001_Accepting_License_Agreement" time="8.793"/>
	<testcase classname="lxcaSetupTest" name="test_002_Create_User_Accounts" time="8.874"/>
	<testcase classname="lxcaSetupTest" name="test_003_Configure_network_settings" time="15.569"/>
	<testcase classname="lxcaSetupTest" name="test_004_Configure_NTP_settings" time="12.986"/>
	<testcase classname="lxcaSetupTest" name="test_005_Particapate" time="17.169"/>
	<testcase classname="lxcaSetupTest" name="test_006_Callhome" time="12.119"/>
	<testcase classname="lxcaSetupTest" name="test_007_Lenovo_Upload_Facility" time="12.048"/>
	<testcase classname="lxcaSetupTest" name="test_008_warranty" time="14.179"/>
	<testcase classname="lxcaSetupTest" name="test_009_setup_Service_and_Support" time="0.118"/>
	<testcase classname="lxcaSetupTest" name="test_010_Finish" time="5.127"/>
	<system-out>
<![CDATA[]]>	</system-out>
	<system-err>
<![CDATA[]]>	</system-err>
</testsuite>
