<?xml version="1.0" encoding="UTF-8"?>
<testsuite errors="0" failures="0" name="lxcaSetupTest-20180207074828" skipped="0" tests="10" time="104.949">
	<testcase classname="lxcaSetupTest" name="test_001_Accepting_License_Agreement" time="8.432"/>
	<testcase classname="lxcaSetupTest" name="test_002_Create_User_Accounts" time="8.839"/>
	<testcase classname="lxcaSetupTest" name="test_003_Configure_network_settings" time="15.590"/>
	<testcase classname="lxcaSetupTest" name="test_004_Configure_NTP_settings" time="11.115"/>
	<testcase classname="lxcaSetupTest" name="test_005_Particapate" time="17.314"/>
	<testcase classname="lxcaSetupTest" name="test_006_Callhome" time="12.149"/>
	<testcase classname="lxcaSetupTest" name="test_007_Lenovo_Upload_Facility" time="12.069"/>
	<testcase classname="lxcaSetupTest" name="test_008_warranty" time="14.188"/>
	<testcase classname="lxcaSetupTest" name="test_009_setup_Service_and_Support" time="0.121"/>
	<testcase classname="lxcaSetupTest" name="test_010_Finish" time="5.132"/>
	<system-out>
<![CDATA[]]>	</system-out>
	<system-err>
<![CDATA[]]>	</system-err>
</testsuite>
