<?xml version="1.0" encoding="UTF-8"?>
<testsuite errors="0" failures="0" name="Lxca_Initial_Setup_Test-20180413082709" skipped="0" tests="10" time="86.723">
	<testcase classname="Lxca_Initial_Setup_Test" name="test_001_Accepting_License_Agreement" time="8.918"/>
	<testcase classname="Lxca_Initial_Setup_Test" name="test_002_Create_User_Accounts" time="9.553"/>
	<testcase classname="Lxca_Initial_Setup_Test" name="test_003_Configure_network_settings" time="15.702"/>
	<testcase classname="Lxca_Initial_Setup_Test" name="test_004_Configure_NTP_settings" time="11.096"/>
	<testcase classname="Lxca_Initial_Setup_Test" name="test_005_Usage_Data_settings" time="12.424"/>
	<testcase classname="Lxca_Initial_Setup_Test" name="test_006_Callhome_settengs" time="7.260"/>
	<testcase classname="Lxca_Initial_Setup_Test" name="test_007_Lenovo_Upload_Facility" time="7.160"/>
	<testcase classname="Lxca_Initial_Setup_Test" name="test_008_warranty" time="9.342"/>
	<testcase classname="Lxca_Initial_Setup_Test" name="test_009_setup_Service_and_Support" time="0.144"/>
	<testcase classname="Lxca_Initial_Setup_Test" name="test_010_Finish" time="5.125"/>
	<system-out>
<![CDATA[]]>	</system-out>
	<system-err>
<![CDATA[]]>	</system-err>
</testsuite>
